0.9951087271625685
0.9966740755775186
0.9982588842745308
0.9972029032419486
0.25865526611907297
0.9975578076061248
0.9986505674121375
0.9948473696212703
0.986576946050321
0.9970861242028002
0.9990793584528691
0.9950533119299481
0.9969985241924548
0.9971152982227777
0.9993142605344836
0.9716207937167307
0.9911553740413372
0.9915666629123757
0.9927721551070525
0.9870722130550506
0.812834540627359
0.9510732811116981
0.9366106789650884
0.9690301524996282
0.5243105204925177
0.08882921347350829
0.9984229590165566
0.9948999176173909
0.8354929489385654
0.9818116669592152
0.9968846815277294
0.9908291368026482
0.8665971348359102
0.992078018624135
0.9821443164517251
0.9208991725514712
0.9577166865089488
0.9880714541644611
0.9468993811926614
0.9806837374815036
0.9453757907129174
0.9901006151463247
0.9984167879138626
0.8301026475964135
0.9457939308588653
0.9817614435462536
0.9967934339984237
0.9941912995653922
0.9917128462995186
0.9803938716030515
0.9979053040264257
0.9987500781509777
0.9992373553613403
0.9895706865818489
0.9940691946950568
0.9900577957462946
0.9934455513339688
0.9964199115018781
0.9984379909059496
0.03551793383165657
0.0656036871097265
0.0007872576150134578
0.013734189685880721
0.003960278580501692
0.0002500647929525527
0.16397151188689127
0.08027872200786985
0.005569007963111561
0.08043130362994708
0.020164864919850284
0.0995666646516543
7.906895378703962e-05
7.69715594065074e-05
0.021583508501904384
0.42090583060512143
0.0037370323006839633
0.001028503271603945
0.008146018334005058
0.14936194193243998
0.0026406795759560415
0.0001901188730097748
0.28231734837356315
0.001475709989972466
0.0009006650437323729
0.016189084737468783
0.002471194157888336
0.00021103466227268133
0.00036251067837747206
0.04024382206415301
0.0034444060506411407
0.003017938699247943
0.0001360296512440054
0.00038608493393392577
0.0018660481614815982
0.002660811216411127
0.27467061668481974
0.001313757785571873
0.01433668284067518
0.2656551985171936
0.018864523599425215
0.288086568806243
0.004296755592654526
0.002644274254354705
0.000601721982026565
0.04613926067813839
0.00011559336059991064
0.010038235165375942
0.00024039939204704904
0.0001697361149255422
0.2080707875219603
0.03694531631471493
0.0003031760177586876
0.1057919664254312
0.00044413230686453787
0.0003960793204515873
0.0005854250570645721
0.001598807990867581
4.009556223723702e-05
0.003550825744691038
0.04318710750114787
0.21407275261285033
0.002634871287394603
9.608647645815627e-05
0.007995805487310886
0.01665661772485966
0.0017843281178576368
0.000508209434054921
2.4993850287036075e-05
2.6913695363602187e-05
0.03134808311165606
0.0025903964510425896
0.0008760667616494359
5.610426075621054e-05
0.0015235412187233417
0.006374831865016274
0.010987530304043518
0.031632500816841394
0.00020280065132379004
0.001850847176689753
0.0002184698840601987
0.002003334454706807
0.036893633208743004
6.653241701708023e-05
0.005373069117985463
0.22911673708213695
0.03205247812655131
0.00016934326791410808
0.005008626127475559
0.0012045042152383392
0.0004391371118319084
2.409508712980967e-05
4.9590036348105554e-05
1.158959794750473e-06
0.005984341976811376
0.000362099863707427
0.00850083729183015
0.00040909538542709047
0.0022860974811840765
3.298986646944023e-05
0.00013411830316134246
0.0009136185160502725
0.004818327268271642
0.0005132237549324853
0.01830267728876932
0.0002170076032418072
0.00012774798524759347
0.0007807083178265763
0.008694526418381665
0.0004905664590478674
0.0004704395354610649
0.0010862454906072985
0.0001309202873946701
0.0012561812767909262
0.04547047083957367
0.0030453694704093075
0.03555043666480032
0.014604764485974524
6.37191509083843e-05
